2019-09-05 20:56:26[WARN] user: muratakaishou
GET /posts?page=2&q%5Bdescription_cont%5D=&q%5Bprefecture_id_eq%5D=&q%5Btags_id_in%5D%5B%5D=&q%5Btags_id_in%5D%5B%5D=4&q%5Btags_id_in%5D%5B%5D=6&q%5Btitle_cont%5D=
USE eager loading detected
  Post => [:image_attachment]
  Add to your finder: :includes => [:image_attachment]
Call stack
  /Users/muratakaishou/Desktop/myror/like_sample/app/views/posts/index.html.erb:75:in `block in _app_views_posts_index_html_erb___3182391556533840292_70339272500800'
  /Users/muratakaishou/Desktop/myror/like_sample/app/views/posts/index.html.erb:72:in `_app_views_posts_index_html_erb___3182391556533840292_70339272500800'

2019-09-05 20:56:26[WARN] user: muratakaishou
GET /posts?page=2&q%5Bdescription_cont%5D=&q%5Bprefecture_id_eq%5D=&q%5Btags_id_in%5D%5B%5D=&q%5Btags_id_in%5D%5B%5D=4&q%5Btags_id_in%5D%5B%5D=6&q%5Btitle_cont%5D=
USE eager loading detected
  Post => [:user]
  Add to your finder: :includes => [:user]
Call stack
  /Users/muratakaishou/Desktop/myror/like_sample/app/views/posts/index.html.erb:117:in `block in _app_views_posts_index_html_erb___3182391556533840292_70339272500800'
  /Users/muratakaishou/Desktop/myror/like_sample/app/views/posts/index.html.erb:72:in `_app_views_posts_index_html_erb___3182391556533840292_70339272500800'

2019-09-05 20:56:26[WARN] user: muratakaishou
GET /posts?page=2&q%5Bdescription_cont%5D=&q%5Bprefecture_id_eq%5D=&q%5Btags_id_in%5D%5B%5D=&q%5Btags_id_in%5D%5B%5D=4&q%5Btags_id_in%5D%5B%5D=6&q%5Btitle_cont%5D=
AVOID eager loading detected
  Post => [:tags, :post_tags]
  Remove from your finder: :includes => [:tags, :post_tags]
Call stack

2019-09-05 20:57:33[WARN] user: muratakaishou
GET /posts?page=2&q%5Bdescription_cont%5D=&q%5Bprefecture_id_eq%5D=&q%5Btags_id_in%5D%5B%5D=&q%5Btags_id_in%5D%5B%5D=4&q%5Btags_id_in%5D%5B%5D=6&q%5Btitle_cont%5D=
USE eager loading detected
  Post => [:user]
  Add to your finder: :includes => [:user]
Call stack
  /Users/muratakaishou/Desktop/myror/like_sample/app/views/posts/index.html.erb:117:in `block in _app_views_posts_index_html_erb___452949122147311781_70260329755820'
  /Users/muratakaishou/Desktop/myror/like_sample/app/views/posts/index.html.erb:72:in `_app_views_posts_index_html_erb___452949122147311781_70260329755820'

2019-09-05 20:57:33[WARN] user: muratakaishou
GET /posts?page=2&q%5Bdescription_cont%5D=&q%5Bprefecture_id_eq%5D=&q%5Btags_id_in%5D%5B%5D=&q%5Btags_id_in%5D%5B%5D=4&q%5Btags_id_in%5D%5B%5D=6&q%5Btitle_cont%5D=
AVOID eager loading detected
  Post => [:tags, :post_tags]
  Remove from your finder: :includes => [:tags, :post_tags]
Call stack

2019-09-06 14:13:34[WARN] user: muratakaishou
GET /users
USE eager loading detected
  User => [:avatar_attachment]
  Add to your finder: :includes => [:avatar_attachment]
Call stack
  /Users/muratakaishou/Desktop/myror/like_sample/app/views/users/index.html.erb:4:in `block in _app_views_users_index_html_erb___3304075675591100995_70346327818820'
  /Users/muratakaishou/Desktop/myror/like_sample/app/views/users/index.html.erb:2:in `_app_views_users_index_html_erb___3304075675591100995_70346327818820'

2019-09-06 16:56:09[WARN] user: muratakaishou
GET /users/1
USE eager loading detected
  Post => [:user]
  Add to your finder: :includes => [:user]
Call stack
  /Users/muratakaishou/Desktop/myror/like_sample/app/views/users/show.html.erb:31:in `block in _app_views_users_show_html_erb___2362217797474208376_70106484219700'
  /Users/muratakaishou/Desktop/myror/like_sample/app/views/users/show.html.erb:30:in `_app_views_users_show_html_erb___2362217797474208376_70106484219700'

2019-09-06 16:59:32[WARN] user: muratakaishou
GET /users/1
USE eager loading detected
  Post => [:user]
  Add to your finder: :includes => [:user]
Call stack
  /Users/muratakaishou/Desktop/myror/like_sample/app/views/users/show.html.erb:31:in `block in _app_views_users_show_html_erb___2362217797474208376_70106473411000'
  /Users/muratakaishou/Desktop/myror/like_sample/app/views/users/show.html.erb:30:in `_app_views_users_show_html_erb___2362217797474208376_70106473411000'

2019-09-06 17:00:08[WARN] user: muratakaishou
GET /users/1
USE eager loading detected
  Post => [:user]
  Add to your finder: :includes => [:user]
Call stack
  /Users/muratakaishou/Desktop/myror/like_sample/app/views/users/show.html.erb:31:in `block in _app_views_users_show_html_erb___2362217797474208376_70106467470120'
  /Users/muratakaishou/Desktop/myror/like_sample/app/views/users/show.html.erb:30:in `_app_views_users_show_html_erb___2362217797474208376_70106467470120'

